<?xml version="1.0" encoding="UTF-8"?>
<!-- Generated by org.testng.reporters.JUnitReportReporter -->
<testsuite skipped="0" hostname="DESKTOP-5ARAU77" name="testcases.FlipBoardCopyTest" tests="1" failures="0" timestamp="2021-12-14T12:30:40 IST" time="24.901" errors="0">
  <testcase name="testcase1" time="24.901" classname="testcases.FlipBoardCopyTest"/>
  <system-out/>
</testsuite> <!-- testcases.FlipBoardCopyTest -->
